<?xml version="1.0" encoding="UTF-8"?>
<!-- Generated by org.testng.reporters.JUnitReportReporter -->
<testsuite hostname="pavann" name="com.espn.cricinfo.cricinfo" tests="1" failures="0" timestamp="22 Sep 2014 06:03:14 GMT" time="34.151" errors="0">
  <testcase name="results" time="34.151" classname="com.espn.cricinfo.cricinfo"/>
</testsuite> <!-- com.espn.cricinfo.cricinfo -->
