<?xml version="1.0" encoding="UTF-8"?>
<!-- Generated by org.testng.reporters.JUnitReportReporter -->
<testsuite hostname="pavann" name="com.espn.cricinfo.Usa_video" tests="1" failures="0" timestamp="22 Sep 2014 06:03:14 GMT" time="25.936" errors="0">
  <testcase name="Video" time="25.936" classname="com.espn.cricinfo.Usa_video"/>
</testsuite> <!-- com.espn.cricinfo.Usa_video -->
