<?xml version="1.0" encoding="UTF-8"?>
<!-- Generated by org.testng.reporters.JUnitReportReporter -->
<testsuite hostname="pavann" name="com.espn.cricinfo.Poll" tests="1" failures="0" timestamp="22 Sep 2014 06:03:14 GMT" time="27.813" errors="0">
  <testcase name="poll" time="27.813" classname="com.espn.cricinfo.Poll"/>
</testsuite> <!-- com.espn.cricinfo.Poll -->
