<?xml version="1.0" encoding="UTF-8"?>
<!-- Generated by org.testng.reporters.JUnitReportReporter -->
<testsuite hostname="pavann" name="com.espn.cricinfo.Shop_hashmap" tests="1" failures="0" timestamp="22 Sep 2014 03:40:56 GMT" time="76.504" errors="0">
  <testcase name="shoplink" time="76.504" classname="com.espn.cricinfo.Shop_hashmap"/>
</testsuite> <!-- com.espn.cricinfo.Shop_hashmap -->
