<?xml version="1.0" encoding="UTF-8"?>
<!-- Generated by org.testng.reporters.JUnitReportReporter -->
<testsuite hostname="pavann" name="com.espn.cricinfo.Shop" tests="1" failures="0" timestamp="22 Sep 2014 06:03:14 GMT" time="73.050" errors="0">
  <testcase name="shoplink" time="73.050" classname="com.espn.cricinfo.Shop"/>
</testsuite> <!-- com.espn.cricinfo.Shop -->
